D [2016-08-05 09:21:32.109] Save Config E:\MyBot-release-MBR_6.2.1\Profiles\MyVillage\config.ini
D [2016-08-05 09:21:32.283] Save Building Config E:\MyBot-release-MBR_6.2.1\Profiles\MyVillage\building.ini
D [2016-08-05 09:21:32.372] Read Building Config E:\MyBot-release-MBR_6.2.1\Profiles\MyVillage\building.ini
D [2016-08-05 09:21:32.395] Read Config E:\MyBot-release-MBR_6.2.1\Profiles\MyVillage\config.ini
D [2016-08-05 09:21:32.519] Apply Config
D [2016-08-05 09:21:32.727] Disable GUI Controls
D [2016-08-05 09:21:34.418] Redraw MyBot Window
D [2016-08-05 09:21:34.451] btnStart: Current Android Window Handle: 0x0012013A
L [2016-08-05 09:21:34.451] Current MEmu Window not supported by MyBot
L [2016-08-05 09:21:34.458] Stopping MEmu....
D [2016-08-05 09:21:34.469] ADB shell not terminated, PID = 10728
L [2016-08-05 09:21:34.469] Please wait for full MEmu shutdown...
D [2016-08-05 09:21:34.485] KillProcess(0): PID = 8724 closed, CloseAndroid
D [2016-08-05 09:21:35.646] KillProcess(0): PID = 8724 killed (using taskkill), CloseAndroid
L [2016-08-05 09:21:40.158] MEmu stopped successfully
D [2016-08-05 09:21:41.201] Found 0 WerFault Windows with title 'MEmu.exe'
D [2016-08-05 09:21:41.203] Searching MEmu Window: Title = 'MEmu 2.7.0 - MEmu', Class = '[CLASS:subWin; INSTANCE:1]', Text = ''
D [2016-08-05 09:21:41.226] MEmu Window not found
D [2016-08-05 09:21:41.228] Android Emulator not launched
D [2016-08-05 09:21:41.236] ObjGet("winmgmts:\\.\root\cimv2")
D [2016-08-05 09:21:41.237] WMI Query: Select * from Win32_Process where ExecutablePath like "%C:\\Program Files (x86)\\MEMU\\MEmu\\MEmu.exe%"
D [2016-08-05 09:21:41.366] Process by CommandLine not found: C:\Program Files (x86)\MEMU\MEmu\MEmu.exe MEmu
D [2016-08-05 09:21:41.369] ObjGet("winmgmts:\\.\root\cimv2")
D [2016-08-05 09:21:41.369] WMI Query: Select * from Win32_Process where ExecutablePath like "%C:\\Program Files (x86)\\MEMU\\MEmu\\MEmu.exe%"
D [2016-08-05 09:21:41.497] Process by CommandLine not found: C:\Program Files (x86)\MEMU\MEmu\MEmu.exe
D [2016-08-05 09:21:41.498] MEmu (MEmu) process not found
L [2016-08-05 09:21:41.500] Starting MEmu and Clash Of Clans
D [2016-08-05 09:21:41.506] Searching MEmu Window: Title = 'MEmu 2.7.0 - MEmu', Class = '[CLASS:subWin; INSTANCE:1]', Text = ''
D [2016-08-05 09:21:41.513] MEmu Window not found
D [2016-08-05 09:21:41.513] Android Emulator not launched
D [2016-08-05 09:21:41.516] ShellExecute: C:\Program Files (x86)\MEMU\MEmu\MEmu.exe MEmu
D [2016-08-05 09:21:44.053] $PID= 5980
L [2016-08-05 09:21:44.053] Please wait while MEmu and CoC start...
D [2016-08-05 09:21:45.656] Restore bot window to 828, 57, caller: GUIControl_WM_NCACTIVATE
L [2016-08-05 09:22:02.556] MEmu Loaded, took 18.49 seconds to begin.
D [2016-08-05 09:22:02.563] Searching MEmu Window: Title = 'MEmu 2.7.0 - MEmu', Class = '[CLASS:subWin; INSTANCE:1]', Text = ''
D [2016-08-05 09:22:02.566] Found MEmu Window 'MEmu 2.7.0 - MEmu' (0x002825F4) by matching title 'MEmu 2.7.0 - MEmu' (#1)
D [2016-08-05 09:22:02.570] Move Android Window 'MEmu 2.7.0 - MEmu' to position: -1, -1
L [2016-08-05 09:22:02.571] MEmu (MEmu) running in window mode
D [2016-08-05 09:22:02.581] Using Window sizes of MEmu 2.6.2
D [2016-08-05 09:22:02.583] MEmu Tool Bar is visible
D [2016-08-05 09:22:02.584] Unsupported MEmu screen size of 856 x 728 !
D [2016-08-05 09:22:02.587] MEmu window resized to 908 x 770
L [2016-08-05 09:22:08.130] MEmu window resized to work with MyBot
D [2016-08-05 09:22:08.148] InitiateLayout: MEmu 2.7.0 - MEmu Android-ClientSize: 860 x 732
D [2016-08-05 09:22:08.149] InitAndroid(False): MEmu
D [2016-08-05 09:22:09.280] MEmu phone_layout is 2
D [2016-08-05 09:22:09.282] Using Window sizes of MEmu 2.6.2
D [2016-08-05 09:22:09.288] MEmu Tool Bar is visible
D [2016-08-05 09:22:09.289] MEmu Screen Height updated from 768 to 732
D [2016-08-05 09:22:09.290] MEmu Window Width updated from 911 to 908
D [2016-08-05 09:22:09.292] MEmu Window Height updated from 804 to 770
D [2016-08-05 09:22:09.293] Android: MEmu
D [2016-08-05 09:22:09.295] Android Config: 0
D [2016-08-05 09:22:09.298] Android Version: 2.7.0
D [2016-08-05 09:22:09.300] Android Instance: MEmu
D [2016-08-05 09:22:09.303] Android Window Title: MEmu 2.7.0 - MEmu
D [2016-08-05 09:22:09.305] Android Program Path: C:\Program Files (x86)\MEMU\MEmu\MEmu.exe
D [2016-08-05 09:22:09.306] Android Program Parameter: MEmu
D [2016-08-05 09:22:09.307] Android ADB Path: C:\Program Files (x86)\MEMU\MEmu\adb.exe
D [2016-08-05 09:22:09.308] Android ADB Device: 127.0.0.1:21503
D [2016-08-05 09:22:09.309] Android ADB Shared Folder: /mnt/shell/emulated/0/Pictures/
D [2016-08-05 09:22:09.311] Android ADB Shared Folder on Host: C:\Users\ducthuan\Pictures\MEmu Photo\
D [2016-08-05 09:22:09.313] Android ADB Shared SubFolder: mybot.run\
D [2016-08-05 09:22:09.314] Android Mouse Device: Microvirt Virtual Input
D [2016-08-05 09:22:09.314] Android ADB screencap command enabled: True
D [2016-08-05 09:22:09.315] Android ADB input command enabled: True
D [2016-08-05 09:22:09.315] Android ADB Mouse Click enabled: False
D [2016-08-05 09:22:09.316] Android ADB Click Drag enabled: True
D [2016-08-05 09:22:09.317] Bot Background Mode for screen capture: enabled
D [2016-08-05 09:22:09.317] No Focus Tampering: False
D [2016-08-05 09:22:09.318] InitAndroid(False): MEmu END, initialization successful = True, result = True
D [2016-08-05 09:22:09.787] ADB shell launched, PID = 2668: root@android:/ # PS1=mybot.run:Android Steady Shell PID=1494
/system/xbin/renice -20 1494
/system/xbin/renice -20
D [2016-08-05 09:22:10.357] MEmu getevent -p: add device 1: /dev/input/event8
  name:     "Microvirt Virtual Input"
  events:
    KEY (0001): 0001  0002  0003  0004  0005  0006  0007  0008 
                0009  000a  000b  000c  000d  000e  000f  0010 
                0011  0012  0013  0014  0015  0016  0017  0018 
                0019  001a  001b  001c  001d  001e  001f  0020 
                0021  0022  0023  0024  0025  0026  0027  0028 
                0029  002a  002b  002c  002d  002e  002f  0030 
                0031  0032  0033  0034  0035  0036  0037  0038 
                0039  003a  003b  003c  003d  003e  003f  0040 
                0041  0042  0043  0044  0045  0046  0047  0048 
                0049  004a  004b  004c  004d  004e  004f  0050 
                0051  0052  0053  0054  0055  0056  0057  0058 
                0059  005a  005b  005c  005d  005e  005f  0060 
                0061  0062  0063  0064  0065  0066  0067  0068 
                0069  006a  006b  006c  006d  006e  006f  0070 
                0071  0072  0073  0074  0075  0076  0077  0078 
                0079  007a  007b  007c  007d  007e  007f  0080 
                0081  0082  0083  0084  0085  0086  0087  0088 
                0089  008a  008b  008c  008d  008e  008f  0090 
                0091  0092  0093  0094  0095  0096  0097  0098 
                0099  009a  009b  009c  009d  009e  009f  00a0 
                00a1  00a2  00a3  00a4  00a5  00a6  00a7  00a8 
                00a9  00aa  00ab  00ac  00ad  00ae  00af  00b0 
                00b1  00b2  00b3  00b4  00b5  00b6  00b7  00b8 
                00b9  00ba  00bb  00bc  00bd  00be  00bf  00c0 
                00c1  00c2  00c3  00c4  00c5  00c6  00c7  00c8 
                00c9  00ca  00cb  00cc  00cd  00ce  00cf  00d0 
                00d1  00d2  00d3  00d4  00d5  00d6  00d7  00d8 
                00d9  00da  00db  00dc  00dd  00de  00df  00e0 
                00e1  00e2  00e3  00e4  00e5  00e6  00e7  00e8 
                00e9  00ea  00eb  00ec  00ed  00ee  00ef  00f0 
                00f1  00f2  00f3  00f4  00f5  00f6  00f7  00f8 
                00f9  00fa  00fb  00fc  00fd  00fe  00ff  0110 
                0145  014a 
    REL (0002): 0006  0008 
    ABS (0003): 0035  : value 0, min 0, max 860, fuzz 0, flat 0, resolution 0
                0036  : value 0, min 0, max 732, fuzz 0, flat 0, resolution 0
                003a  : value 0, min 0, max 0, fuzz 0, flat 0, resolution 0
  input props:
    <none>
could not get driver version for /dev/input/mouse3, Not a typewriter
add device 2: /dev/input/event7
  name:     "microvirt via VirtualBox PS/2 mouse"
  events:
    KEY (0001): 0110  0111  0112  0113  0114 
    REL (0002): 0000  0001  0006  0008 
  input props:
    <none>
could not get driver version for /dev/input/mouse2, Not a typewriter
add device 3: /dev/input/event6
  name:     "MemuHyperv mouse integration"
  events:
    KEY (0001): 0110 
    ABS (0003): 0000  : value 0, min 0, max 65535, fuzz 0, flat 0, resolution 0
                0001  : value 0, min 0, max 65535, fuzz 0, flat 0, resolution 0
  input props:
    <none>
add device 4: /dev/input/event1
  name:     "Sleep Button"
  events:
    KEY (0001): 008e 
  input props:
    <none>
add device 5: /dev/input/event0
  name:     "Power Button"
  events:
    KEY (0001): 0074 
  input props:
    <none>
could not get driver version for /dev/input/mouse0, Not a typewriter
add device 6: /dev/input/event3
  name:     "ImExPS/2 Generic Explorer Mouse"
  events:
    KEY (0001): 0110  0111  0112  0113  0114 
    REL (0002): 0000  0001  0006  0008 
  input props:
    <none>
add device 7: /dev/input/event2
  name:     "AT Translated Set 2 keyboard"
  events:
    KEY (0001): 0001  0002  0003  0004  0005  0006  0007  0008 
                0009  000a  000b  000c  000d  000e  000f  0010 
                0011  0012  0013  0014  0015  0016  0017  0018 
                0019  001a  001b  001c  001d  001e  001f  0020 
                0021  0022  0023  0024  0025  0026  0027  0028 
                0029  002a  002b  002c  002d  002e  002f  0030 
                0031  0032  0033  0034  0035  0036  0037  0038 
                0039  003a  003b  003c  003d  003e  003f  0040 
                0041  0042  0043  0044  0045  0046  0047  0048 
                0049  004a  004b  004c  004d  004e  004f  0050 
                0051  0052  0053  0055  0056  0057  0058  0059 
                005a  005b  005c  005d  005e  005f  0060  0061 
                0062  0063  0064  0066  0067  0068  0069  006a 
                006b  006c  006d  006e  006f  0070  0071  0072 
                0073  0074  0075  0076  0077  0079  007a  007b 
                007c  007d  007e  007f  0080  008c  008e  008f 
                009b  009c  009d  009e  009f  00a3  00a4  00a5 
                00a6  00ac  00ad  00b7  00b8  00b9  00d9  00e2 
    MSC (0004): 0004 
    LED (0011): 0000  0001  0002 
  input props:
    <none>
could not get driver version for /dev/input/mice, Not a typewriter
add device 8: /dev/input/event5
  name:     "MEmuHyperv Webcam - Integrated "
  events:
    KEY (0001): 00d4 
  input props:
    <none>
could not get driver version for /dev/input/mouse1, Not a typewriter
add device 9: /dev/input/event4
  name:     "MemuHyperv USB Tablet"
  events:
    KEY (0001): 0110  0111  0112  0113  0114 
    REL (0002): 0006  0008 
    ABS (0003): 0000  : value 0, min 0, max 32767, fuzz 0, flat 0, resolution 0
                0001  : value 0, min 0, max 32767, fuzz 0, flat 0, resolution 0
    MSC (0004): 0004 
  input props:
    <none>
D [2016-08-05 09:22:10.359] Using /dev/input/event8 for mouse events
D [2016-08-05 09:22:10.361] CheckScreenAndroid: Window size 908 x 770
D [2016-08-05 09:22:10.663] MEmu font_scale = 1
D [2016-08-05 09:22:12.854] Restore bot window to 828, 57, caller: GUIControl_WM_NCACTIVATE
L [2016-08-05 09:22:13.688] Launch Clash of Clans now...
D [2016-08-05 09:22:14.040] Restore bot window to 828, 57, caller: GUIControl_WM_NCACTIVATE
D [2016-08-05 09:22:14.081] ADB shell terminated, PID = 2668
D [2016-08-05 09:22:15.478] ADB shell launched, PID = 7220: root@android:/ # PS1=mybot.run:Android Steady Shell PID=1611
/system/xbin/renice -20 1611
/system/xbin/renice -20 1531
D [2016-08-05 09:22:15.479] waitMainScreenMini
D [2016-08-05 09:22:15.487] Restore bot window to 828, 57, caller: GUIControl_WM_NCACTIVATE
L [2016-08-05 09:22:15.480] Waiting for Main Screen after MEmu restart
D [2016-08-05 09:22:17.073] Restore bot window to 828, 57, caller: GUIControl_WM_NCACTIVATE
L [2016-08-05 09:22:23.027] CoC main window took 7.55 seconds
L [2016-08-05 09:22:23.234] Zooming Out
L [2016-08-05 09:22:24.840] ADB script file created: C:\Users\ducthuan\Pictures\MEmu Photo\mybot.run\OverWaters.script.dev.input.event8.sh
L [2016-08-05 09:22:26.055] ADB script file created: C:\Users\ducthuan\Pictures\MEmu Photo\mybot.run\ZoomOut.script.dev.input.event8.sh
L [2016-08-05 09:22:28.247] ~~~ My Bot v6.2.1 (MEmu) Powered by MyBot.run ~~~~
L [2016-08-05 09:22:28.299] MyBot.run.exe Executable running on WIN_81  X64
L [2016-08-05 09:22:28.336] =================== Bot Start ====================
L [2016-08-05 09:22:28.396] ----------------------  Current Profile: MyVillage ----------------------
L [2016-08-05 09:22:28.458] Trying to locate Main Screen
L [2016-08-05 09:22:28.937] Main Screen Located
D [2016-08-05 09:22:29.207] Restore bot window to 828, 57, caller: GUIControl_WM_NCACTIVATE
D [2016-08-05 09:22:30.607] Restore bot window to 828, 57, caller: GUIControl_WM_NCACTIVATE
D [2016-08-05 09:22:31.996] Restore bot window to 828, 57, caller: GUIControl_WM_NCACTIVATE
D [2016-08-05 09:22:32.142] Docking Android Control...
D [2016-08-05 09:22:32.144] AndroidEmbed: $aPos[] = -32000, -32000, 908, 770
D [2016-08-05 09:22:32.146] AndroidEmbed: $aPosCtl[] = 4, 34, 860, 732
D [2016-08-05 09:22:32.147] AndroidEmbed: $aPosParentCtl[] = 4, 34, 860, 732
D [2016-08-05 09:22:32.147] AndroidEmbed: $frmBotAddH = 77
D [2016-08-05 09:22:32.150] AndroidEmbed: $aPosFrmBotEx[] = 0, 0, 470, 520
D [2016-08-05 09:22:32.164] AndroidEmbed: $aPosLog[] = 872, 115, 450, 395
D [2016-08-05 09:22:32.220] Android Window docked
D [2016-08-05 09:22:32.232] Redraw MyBot ControlIds (forced): 0x00032158, 0x0003212A
D [2016-08-05 09:22:32.233] Control ID 0x00032158 Pos: 872, 115, 450, 327
D [2016-08-05 09:22:32.234] Control ID 0x0003212A Pos: 872, 446, 450, 109
D [2016-08-05 09:22:32.290] Restore bot window to -1, -1, caller: GUIControl_WM_NCACTIVATE
D [2016-08-05 09:22:32.691] Shield Android Control (860x732)
D [2016-08-05 09:22:32.716] AndroidShield updated to active, caller: AndroidShieldCheck
L [2016-08-05 09:22:33.718] Detecting your Buildings..
L [2016-08-05 09:22:34.735] Detecting your Village Theme
L [2016-08-05 09:22:35.134] Normal Theme detected
L [2016-08-05 09:22:36.397] Locating Clan Castle...
D [2016-08-05 09:22:36.690] Restore bot window to -1, -1, caller: GUIControl_WM_NCACTIVATE
D [2016-08-05 09:22:50.339] Restore bot window to 1, 0, caller: GUIControl_WM_NCACTIVATE
D [2016-08-05 09:22:52.337] Restore bot window to 1, 0, caller: GUIControl_WM_NCACTIVATE
D [2016-08-05 09:22:52.812] Unshield Android Control
D [2016-08-05 09:22:52.819] AndroidShield updated to disabled-focus, caller: AndroidShieldForceDown
D [2016-08-05 09:22:53.803] Shield Android Control (860x732)
D [2016-08-05 09:22:53.806] AndroidShield updated to active, caller: AndroidShieldForceDown
L [2016-08-05 09:22:53.807] Clan Castle: (471,310)
L [2016-08-05 09:22:58.472] Your Clan Castle is at level: 4
D [2016-08-05 09:22:58.690] Save Config E:\MyBot-release-MBR_6.2.1\Profiles\MyVillage\config.ini
D [2016-08-05 09:22:59.114] Save Building Config E:\MyBot-release-MBR_6.2.1\Profiles\MyVillage\building.ini
L [2016-08-05 09:22:59.461] Language setting is English: Correct.
D [2016-08-05 09:23:00.462] Undocked Android Window
D [2016-08-05 09:23:00.467] Redraw MyBot Window
D [2016-08-05 09:23:01.023] Restore bot window to 828, 57, caller: GUIControl_WM_NCACTIVATE
L [2016-08-05 09:23:01.007] Trying to locate Main Screen
L [2016-08-05 09:23:01.336] Main Screen Located
D [2016-08-05 09:23:02.889] Restore bot window to 828, 57, caller: GUIControl_WM_NCACTIVATE
D [2016-08-05 09:23:03.809] Restore bot window to 828, 57, caller: GUIControl_WM_NCACTIVATE
L [2016-08-05 09:23:05.751] Closing My Bot v6.2.1 (MEmu) ...
D [2016-08-05 09:23:05.788] Save Config E:\MyBot-release-MBR_6.2.1\Profiles\MyVillage\config.ini
D [2016-08-05 09:23:06.158] Save Building Config E:\MyBot-release-MBR_6.2.1\Profiles\MyVillage\building.ini
D [2016-08-05 09:23:06.327] ADB shell terminated, PID = 7220
